C51 COMPILER V9.60.0.0   MAINLM35                                                          05/28/2021 16:46:07 PAGE 1   


C51 COMPILER V9.60.0.0, COMPILATION OF MODULE MAINLM35
OBJECT MODULE PLACED IN .\Objects\mainLM35.obj
COMPILER INVOKED BY: C:\Keil_v5\C51\BIN\C51.EXE mainLM35.c OPTIMIZE(8,SPEED) BROWSE DEBUG OBJECTEXTEND PRINT(.\Listings\
                    -mainLM35.lst) TABS(2) OBJECT(.\Objects\mainLM35.obj)

line level    source

   1          #include <REGX52.H>
   2          #include "functionLM35.h"
   3          /*sbit start=P3^0;
   4          sbit stop=P3^2;
   5          sbit set_lim=P3^4;
   6          sbit increase=P3^5;
   7          sbit decrease=P1^4;
   8          sbit enter=P1^5;
   9          sbit ALARM=P3^6;*/
  10          
  11          sbit start=P3^0;
  12          sbit stop=P3^2;
  13          sbit ALARM=P3^3;
  14          sbit set_lim=P3^4;
  15          sbit increase=P3^5;
  16          sbit decrease=P3^6;
  17          sbit enter=P3^7;
  18          bit ready=0;
  19          unsigned char T_lim=1;
  20          void SET_Tlim();
  21          /*-------------------------
  22          chuong trình ngat dung do
  23          ---------------------------*/
  24          void INT_EX0()interrupt 0
  25            {
  26   1          LCD_clear();
  27   1          LCD_pstr(" --DUNG DO--");
  28   1          delay_ms(500);
  29   1          LCD_clear();
  30   1          ready=0;
  31   1          ALARM=0;
  32   1        }
  33            
  34          /*----------------------------*--
  35            CHUONG TRINH CHINH
  36          -------------------------------*/
  37          void main()
  38          {
  39   1      
  40   1        unsigned char Tdo;
  41   1        ALARM=0;
  42   1        LCD_init();// khoi tao LCD
  43   1        EX0_init();
  44   1        TIMER_init(); //khoi tao timer cap xung cho ADC0808
  45   1      
  46   1        while(1)
  47   1        {
  48   2          LCD_pstr("  LM35 PROJECT");
  49   2          LCD_gotoxy(0,1);
  50   2          LCD_display_Tlim(T_lim);
  51   2          if(set_lim==0)
  52   2            {
  53   3              while(!set_lim);
  54   3              SET_Tlim();
C51 COMPILER V9.60.0.0   MAINLM35                                                          05/28/2021 16:46:07 PAGE 2   

  55   3            }
  56   2          if(start==0)
  57   2            {
  58   3              while(!start);
  59   3              LCD_clear();
  60   3              ready=1;
  61   3            }
  62   2          while(ready==1)
  63   2          {
  64   3            Tdo=ADC_read(); //doc nhiet do tu LM35 qua ADC0808
  65   3            LCD_sendCMD(0x02);
  66   3            LCD_temp(Tdo,T_lim);;//hien thi nhiet do len LCD
  67   3            if(Tdo>=T_lim) ALARM=1; // kiem tra gioi han nhiet do
  68   3            else ALARM=0;;
  69   3           }
  70   2        }
  71   1      }
  72          
  73          /*--------------------------------*--
  74          cai dat nhiet do canh bao
  75          --*---------------------------------*/
  76          void SET_Tlim()
  77            {
  78   1          LCD_clear();
  79   1          while(1)
  80   1            {
  81   2              if(enter==0)
  82   2                {
  83   3                  while(!enter); 
  84   3                  break;
  85   3                }   
  86   2              if(increase==0)
  87   2                {
  88   3                  while(!increase);
  89   3                  T_lim=T_lim+1;
  90   3                  if(T_lim>145) T_lim=0;
  91   3                }
  92   2              if(decrease==0)
  93   2                {
  94   3                  while(!decrease);
  95   3                  T_lim=T_lim-1;
  96   3                  if (T_lim==255) T_lim=145;
  97   3                }
  98   2              LCD_gotoxy(0,0);
  99   2              LCD_display_Tlim(T_lim);
 100   2            }
 101   1          LCD_clear();
 102   1        }


MODULE INFORMATION:   STATIC OVERLAYABLE
   CODE SIZE        =    239    ----
   CONSTANT SIZE    =     28    ----
   XDATA SIZE       =   ----    ----
   PDATA SIZE       =   ----    ----
   DATA SIZE        =      1       1
   IDATA SIZE       =   ----    ----
   BIT SIZE         =      1    ----
END OF MODULE INFORMATION.


C51 COMPILATION COMPLETE.  0 WARNING(S),  0 ERROR(S)
